d:\dropbox\andré\testes_codificacao\jm\lencod\debug_win32_vc9\vc120.pdb
d:\dropbox\andré\testes_codificacao\jm\lencod\debug_win32_vc9\vc120.idb
d:\dropbox\andré\testes_codificacao\jm\lencod\debug_win32_vc10\blk_prediction.sbr
d:\dropbox\andré\testes_codificacao\jm\lencod\debug_win32_vc10\config_common.sbr
d:\dropbox\andré\testes_codificacao\jm\lencod\debug_win32_vc10\img_io.sbr
d:\dropbox\andré\testes_codificacao\jm\lencod\debug_win32_vc10\img_process.sbr
d:\dropbox\andré\testes_codificacao\jm\lencod\debug_win32_vc10\input.sbr
d:\dropbox\andré\testes_codificacao\jm\lencod\debug_win32_vc10\io_raw.sbr
d:\dropbox\andré\testes_codificacao\jm\lencod\debug_win32_vc10\io_tiff.sbr
d:\dropbox\andré\testes_codificacao\jm\lencod\debug_win32_vc10\mbuffer_common.sbr
d:\dropbox\andré\testes_codificacao\jm\lencod\debug_win32_vc10\memalloc.sbr
d:\dropbox\andré\testes_codificacao\jm\lencod\debug_win32_vc10\mv_prediction.sbr
d:\dropbox\andré\testes_codificacao\jm\lencod\debug_win32_vc10\nalucommon.sbr
d:\dropbox\andré\testes_codificacao\jm\lencod\debug_win32_vc10\parsetcommon.sbr
d:\dropbox\andré\testes_codificacao\jm\lencod\debug_win32_vc10\resize.sbr
d:\dropbox\andré\testes_codificacao\jm\lencod\debug_win32_vc10\transform.sbr
d:\dropbox\andré\testes_codificacao\jm\lencod\debug_win32_vc10\win32.sbr
d:\dropbox\andré\testes_codificacao\jm\lencod\debug_win32_vc10\annexb.sbr
d:\dropbox\andré\testes_codificacao\jm\lencod\debug_win32_vc10\biariencode.sbr
d:\dropbox\andré\testes_codificacao\jm\lencod\debug_win32_vc10\block.sbr
d:\dropbox\andré\testes_codificacao\jm\lencod\debug_win32_vc10\cabac.sbr
d:\dropbox\andré\testes_codificacao\jm\lencod\debug_win32_vc10\cconv_yuv2rgb.sbr
d:\dropbox\andré\testes_codificacao\jm\lencod\debug_win32_vc9\cconv_yuv2rgb.obj
d:\dropbox\andré\testes_codificacao\jm\lencod\debug_win32_vc9\cabac.obj
d:\dropbox\andré\testes_codificacao\jm\lencod\debug_win32_vc9\block.obj
d:\dropbox\andré\testes_codificacao\jm\lencod\debug_win32_vc9\biariencode.obj
d:\dropbox\andré\testes_codificacao\jm\lencod\debug_win32_vc9\annexb.obj
d:\dropbox\andré\testes_codificacao\jm\lencod\debug_win32_vc9\win32.obj
d:\dropbox\andré\testes_codificacao\jm\lencod\debug_win32_vc9\transform.obj
d:\dropbox\andré\testes_codificacao\jm\lencod\debug_win32_vc9\resize.obj
d:\dropbox\andré\testes_codificacao\jm\lencod\debug_win32_vc9\parsetcommon.obj
d:\dropbox\andré\testes_codificacao\jm\lencod\debug_win32_vc9\nalucommon.obj
d:\dropbox\andré\testes_codificacao\jm\lencod\debug_win32_vc9\mv_prediction.obj
d:\dropbox\andré\testes_codificacao\jm\lencod\debug_win32_vc9\memalloc.obj
d:\dropbox\andré\testes_codificacao\jm\lencod\debug_win32_vc9\mbuffer_common.obj
d:\dropbox\andré\testes_codificacao\jm\lencod\debug_win32_vc9\io_tiff.obj
d:\dropbox\andré\testes_codificacao\jm\lencod\debug_win32_vc9\io_raw.obj
d:\dropbox\andré\testes_codificacao\jm\lencod\debug_win32_vc9\input.obj
d:\dropbox\andré\testes_codificacao\jm\lencod\debug_win32_vc9\img_process.obj
d:\dropbox\andré\testes_codificacao\jm\lencod\debug_win32_vc9\img_io.obj
d:\dropbox\andré\testes_codificacao\jm\lencod\debug_win32_vc9\config_common.obj
d:\dropbox\andré\testes_codificacao\jm\lencod\debug_win32_vc9\blk_prediction.obj
d:\dropbox\andré\testes_codificacao\jm\lencod\debug_win32_vc10\configfile.sbr
d:\dropbox\andré\testes_codificacao\jm\lencod\debug_win32_vc10\conformance.sbr
d:\dropbox\andré\testes_codificacao\jm\lencod\debug_win32_vc10\context_ini.sbr
d:\dropbox\andré\testes_codificacao\jm\lencod\debug_win32_vc10\errdo.sbr
d:\dropbox\andré\testes_codificacao\jm\lencod\debug_win32_vc10\errdo_dist_mhyp.sbr
d:\dropbox\andré\testes_codificacao\jm\lencod\debug_win32_vc10\explicit_gop.sbr
d:\dropbox\andré\testes_codificacao\jm\lencod\debug_win32_vc10\explicit_seq.sbr
d:\dropbox\andré\testes_codificacao\jm\lencod\debug_win32_vc10\filehandle.sbr
d:\dropbox\andré\testes_codificacao\jm\lencod\debug_win32_vc10\fmo.sbr
d:\dropbox\andré\testes_codificacao\jm\lencod\debug_win32_vc10\get_block_otf.sbr
d:\dropbox\andré\testes_codificacao\jm\lencod\debug_win32_vc10\header.sbr
d:\dropbox\andré\testes_codificacao\jm\lencod\debug_win32_vc10\hme_distortion.sbr
d:\dropbox\andré\testes_codificacao\jm\lencod\debug_win32_vc10\hme_luma.sbr
d:\dropbox\andré\testes_codificacao\jm\lencod\debug_win32_vc10\image.sbr
d:\dropbox\andré\testes_codificacao\jm\lencod\debug_win32_vc10\image_mp.sbr
d:\dropbox\andré\testes_codificacao\jm\lencod\debug_win32_vc10\img_chroma.sbr
d:\dropbox\andré\testes_codificacao\jm\lencod\debug_win32_vc10\img_distortion.sbr
d:\dropbox\andré\testes_codificacao\jm\lencod\debug_win32_vc10\img_dist_ms_ssim.sbr
d:\dropbox\andré\testes_codificacao\jm\lencod\debug_win32_vc10\img_dist_snr.sbr
d:\dropbox\andré\testes_codificacao\jm\lencod\debug_win32_vc10\img_dist_ssim.sbr
d:\dropbox\andré\testes_codificacao\jm\lencod\debug_win32_vc9\img_dist_ssim.obj
d:\dropbox\andré\testes_codificacao\jm\lencod\debug_win32_vc9\img_dist_snr.obj
d:\dropbox\andré\testes_codificacao\jm\lencod\debug_win32_vc9\img_dist_ms_ssim.obj
d:\dropbox\andré\testes_codificacao\jm\lencod\debug_win32_vc9\img_distortion.obj
d:\dropbox\andré\testes_codificacao\jm\lencod\debug_win32_vc9\img_chroma.obj
d:\dropbox\andré\testes_codificacao\jm\lencod\debug_win32_vc9\image_mp.obj
d:\dropbox\andré\testes_codificacao\jm\lencod\debug_win32_vc9\image.obj
d:\dropbox\andré\testes_codificacao\jm\lencod\debug_win32_vc9\hme_luma.obj
d:\dropbox\andré\testes_codificacao\jm\lencod\debug_win32_vc9\hme_distortion.obj
d:\dropbox\andré\testes_codificacao\jm\lencod\debug_win32_vc9\header.obj
d:\dropbox\andré\testes_codificacao\jm\lencod\debug_win32_vc9\get_block_otf.obj
d:\dropbox\andré\testes_codificacao\jm\lencod\debug_win32_vc9\fmo.obj
d:\dropbox\andré\testes_codificacao\jm\lencod\debug_win32_vc9\filehandle.obj
d:\dropbox\andré\testes_codificacao\jm\lencod\debug_win32_vc9\explicit_seq.obj
d:\dropbox\andré\testes_codificacao\jm\lencod\debug_win32_vc9\explicit_gop.obj
d:\dropbox\andré\testes_codificacao\jm\lencod\debug_win32_vc9\errdo_dist_mhyp.obj
d:\dropbox\andré\testes_codificacao\jm\lencod\debug_win32_vc9\errdo.obj
d:\dropbox\andré\testes_codificacao\jm\lencod\debug_win32_vc9\context_ini.obj
d:\dropbox\andré\testes_codificacao\jm\lencod\debug_win32_vc9\conformance.obj
d:\dropbox\andré\testes_codificacao\jm\lencod\debug_win32_vc9\configfile.obj
d:\dropbox\andré\testes_codificacao\jm\lencod\debug_win32_vc10\img_luma.sbr
d:\dropbox\andré\testes_codificacao\jm\lencod\debug_win32_vc10\intra16x16.sbr
d:\dropbox\andré\testes_codificacao\jm\lencod\debug_win32_vc10\intra4x4.sbr
d:\dropbox\andré\testes_codificacao\jm\lencod\debug_win32_vc10\intra8x8.sbr
d:\dropbox\andré\testes_codificacao\jm\lencod\debug_win32_vc10\intrarefresh.sbr
d:\dropbox\andré\testes_codificacao\jm\lencod\debug_win32_vc10\intra_chroma.sbr
d:\dropbox\andré\testes_codificacao\jm\lencod\debug_win32_vc10\lambda.sbr
d:\dropbox\andré\testes_codificacao\jm\lencod\debug_win32_vc10\leaky_bucket.sbr
d:\dropbox\andré\testes_codificacao\jm\lencod\debug_win32_vc10\lencod.sbr
d:\dropbox\andré\testes_codificacao\jm\lencod\debug_win32_vc10\list_reorder.sbr
d:\dropbox\andré\testes_codificacao\jm\lencod\debug_win32_vc10\lln_mc_prediction.sbr
d:\dropbox\andré\testes_codificacao\jm\lencod\debug_win32_vc10\loopfilter.sbr
d:\dropbox\andré\testes_codificacao\jm\lencod\debug_win32_vc10\loop_filter_mbaff.sbr
d:\dropbox\andré\testes_codificacao\jm\lencod\debug_win32_vc10\loop_filter_normal.sbr
d:\dropbox\andré\testes_codificacao\jm\lencod\debug_win32_vc10\macroblock.sbr
d:\dropbox\andré\testes_codificacao\jm\lencod\debug_win32_vc10\macroblock_p444.sbr
d:\dropbox\andré\testes_codificacao\jm\lencod\debug_win32_vc10\mbuffer.sbr
d:\dropbox\andré\testes_codificacao\jm\lencod\debug_win32_vc10\mb_access.sbr
d:\dropbox\andré\testes_codificacao\jm\lencod\debug_win32_vc10\mc_prediction.sbr
d:\dropbox\andré\testes_codificacao\jm\lencod\debug_win32_vc10\mc_prediction_otf.sbr
d:\dropbox\andré\testes_codificacao\jm\lencod\debug_win32_vc9\mc_prediction_otf.obj
d:\dropbox\andré\testes_codificacao\jm\lencod\debug_win32_vc9\mc_prediction.obj
d:\dropbox\andré\testes_codificacao\jm\lencod\debug_win32_vc9\mb_access.obj
d:\dropbox\andré\testes_codificacao\jm\lencod\debug_win32_vc9\mbuffer.obj
d:\dropbox\andré\testes_codificacao\jm\lencod\debug_win32_vc9\macroblock_p444.obj
d:\dropbox\andré\testes_codificacao\jm\lencod\debug_win32_vc9\macroblock.obj
d:\dropbox\andré\testes_codificacao\jm\lencod\debug_win32_vc9\loop_filter_normal.obj
d:\dropbox\andré\testes_codificacao\jm\lencod\debug_win32_vc9\loop_filter_mbaff.obj
d:\dropbox\andré\testes_codificacao\jm\lencod\debug_win32_vc9\loopfilter.obj
d:\dropbox\andré\testes_codificacao\jm\lencod\debug_win32_vc9\lln_mc_prediction.obj
d:\dropbox\andré\testes_codificacao\jm\lencod\debug_win32_vc9\list_reorder.obj
d:\dropbox\andré\testes_codificacao\jm\lencod\debug_win32_vc9\lencod.obj
d:\dropbox\andré\testes_codificacao\jm\lencod\debug_win32_vc9\leaky_bucket.obj
d:\dropbox\andré\testes_codificacao\jm\lencod\debug_win32_vc9\lambda.obj
d:\dropbox\andré\testes_codificacao\jm\lencod\debug_win32_vc9\intra_chroma.obj
d:\dropbox\andré\testes_codificacao\jm\lencod\debug_win32_vc9\intrarefresh.obj
d:\dropbox\andré\testes_codificacao\jm\lencod\debug_win32_vc9\intra8x8.obj
d:\dropbox\andré\testes_codificacao\jm\lencod\debug_win32_vc9\intra4x4.obj
d:\dropbox\andré\testes_codificacao\jm\lencod\debug_win32_vc9\intra16x16.obj
d:\dropbox\andré\testes_codificacao\jm\lencod\debug_win32_vc9\img_luma.obj
d:\dropbox\andré\testes_codificacao\jm\lencod\debug_win32_vc10\md_common.sbr
d:\dropbox\andré\testes_codificacao\jm\lencod\debug_win32_vc10\md_distortion.sbr
d:\dropbox\andré\testes_codificacao\jm\lencod\debug_win32_vc10\md_high.sbr
d:\dropbox\andré\testes_codificacao\jm\lencod\debug_win32_vc10\md_highfast.sbr
d:\dropbox\andré\testes_codificacao\jm\lencod\debug_win32_vc10\md_highloss.sbr
d:\dropbox\andré\testes_codificacao\jm\lencod\debug_win32_vc10\md_high_updated.sbr
d:\dropbox\andré\testes_codificacao\jm\lencod\debug_win32_vc10\md_low.sbr
d:\dropbox\andré\testes_codificacao\jm\lencod\debug_win32_vc10\me_distortion.sbr
d:\dropbox\andré\testes_codificacao\jm\lencod\debug_win32_vc10\me_distortion_otf.sbr
d:\dropbox\andré\testes_codificacao\jm\lencod\debug_win32_vc10\me_epzs.sbr
d:\dropbox\andré\testes_codificacao\jm\lencod\debug_win32_vc10\me_epzs_common.sbr
d:\dropbox\andré\testes_codificacao\jm\lencod\debug_win32_vc10\me_epzs_int.sbr
d:\dropbox\andré\testes_codificacao\jm\lencod\debug_win32_vc10\me_epzs_sub.sbr
d:\dropbox\andré\testes_codificacao\jm\lencod\debug_win32_vc10\me_fullfast.sbr
d:\dropbox\andré\testes_codificacao\jm\lencod\debug_win32_vc10\me_fullfast_otf.sbr
d:\dropbox\andré\testes_codificacao\jm\lencod\debug_win32_vc10\me_fullsearch.sbr
d:\dropbox\andré\testes_codificacao\jm\lencod\debug_win32_vc10\me_hme.sbr
d:\dropbox\andré\testes_codificacao\jm\lencod\debug_win32_vc10\me_umhex.sbr
d:\dropbox\andré\testes_codificacao\jm\lencod\debug_win32_vc10\me_umhexsmp.sbr
d:\dropbox\andré\testes_codificacao\jm\lencod\debug_win32_vc10\mmco.sbr
d:\dropbox\andré\testes_codificacao\jm\lencod\debug_win32_vc9\mmco.obj
d:\dropbox\andré\testes_codificacao\jm\lencod\debug_win32_vc9\me_umhexsmp.obj
d:\dropbox\andré\testes_codificacao\jm\lencod\debug_win32_vc9\me_umhex.obj
d:\dropbox\andré\testes_codificacao\jm\lencod\debug_win32_vc9\me_hme.obj
d:\dropbox\andré\testes_codificacao\jm\lencod\debug_win32_vc9\me_fullsearch.obj
d:\dropbox\andré\testes_codificacao\jm\lencod\debug_win32_vc9\me_fullfast_otf.obj
d:\dropbox\andré\testes_codificacao\jm\lencod\debug_win32_vc9\me_fullfast.obj
d:\dropbox\andré\testes_codificacao\jm\lencod\debug_win32_vc9\me_epzs_sub.obj
d:\dropbox\andré\testes_codificacao\jm\lencod\debug_win32_vc9\me_epzs_int.obj
d:\dropbox\andré\testes_codificacao\jm\lencod\debug_win32_vc9\me_epzs_common.obj
d:\dropbox\andré\testes_codificacao\jm\lencod\debug_win32_vc9\me_epzs.obj
d:\dropbox\andré\testes_codificacao\jm\lencod\debug_win32_vc9\me_distortion_otf.obj
d:\dropbox\andré\testes_codificacao\jm\lencod\debug_win32_vc9\me_distortion.obj
d:\dropbox\andré\testes_codificacao\jm\lencod\debug_win32_vc9\md_low.obj
d:\dropbox\andré\testes_codificacao\jm\lencod\debug_win32_vc9\md_high_updated.obj
d:\dropbox\andré\testes_codificacao\jm\lencod\debug_win32_vc9\md_highloss.obj
d:\dropbox\andré\testes_codificacao\jm\lencod\debug_win32_vc9\md_highfast.obj
d:\dropbox\andré\testes_codificacao\jm\lencod\debug_win32_vc9\md_high.obj
d:\dropbox\andré\testes_codificacao\jm\lencod\debug_win32_vc9\md_distortion.obj
d:\dropbox\andré\testes_codificacao\jm\lencod\debug_win32_vc9\md_common.obj
d:\dropbox\andré\testes_codificacao\jm\lencod\debug_win32_vc10\mode_decision.sbr
d:\dropbox\andré\testes_codificacao\jm\lencod\debug_win32_vc10\mode_decision_p8x8.sbr
d:\dropbox\andré\testes_codificacao\jm\lencod\debug_win32_vc10\mv_direct.sbr
d:\dropbox\andré\testes_codificacao\jm\lencod\debug_win32_vc10\mv_search.sbr
d:\dropbox\andré\testes_codificacao\jm\lencod\debug_win32_vc10\nal.sbr
d:\dropbox\andré\testes_codificacao\jm\lencod\debug_win32_vc10\nalu.sbr
d:\dropbox\andré\testes_codificacao\jm\lencod\debug_win32_vc10\output.sbr
d:\dropbox\andré\testes_codificacao\jm\lencod\debug_win32_vc10\parset.sbr
d:\dropbox\andré\testes_codificacao\jm\lencod\debug_win32_vc10\pred_struct.sbr
d:\dropbox\andré\testes_codificacao\jm\lencod\debug_win32_vc10\quant4x4.sbr
d:\dropbox\andré\testes_codificacao\jm\lencod\debug_win32_vc10\quant4x4_2step.sbr
d:\dropbox\andré\testes_codificacao\jm\lencod\debug_win32_vc10\quant4x4_around.sbr
d:\dropbox\andré\testes_codificacao\jm\lencod\debug_win32_vc10\quant4x4_normal.sbr
d:\dropbox\andré\testes_codificacao\jm\lencod\debug_win32_vc10\quant4x4_trellis.sbr
d:\dropbox\andré\testes_codificacao\jm\lencod\debug_win32_vc10\quant8x8.sbr
d:\dropbox\andré\testes_codificacao\jm\lencod\debug_win32_vc10\quant8x8_around.sbr
d:\dropbox\andré\testes_codificacao\jm\lencod\debug_win32_vc10\quant8x8_normal.sbr
d:\dropbox\andré\testes_codificacao\jm\lencod\debug_win32_vc10\quant8x8_trellis.sbr
d:\dropbox\andré\testes_codificacao\jm\lencod\debug_win32_vc10\quantchroma.sbr
d:\dropbox\andré\testes_codificacao\jm\lencod\debug_win32_vc10\quantchroma_2step.sbr
d:\dropbox\andré\testes_codificacao\jm\lencod\debug_win32_vc9\quantchroma_2step.obj
d:\dropbox\andré\testes_codificacao\jm\lencod\debug_win32_vc9\quantchroma.obj
d:\dropbox\andré\testes_codificacao\jm\lencod\debug_win32_vc9\quant8x8_trellis.obj
d:\dropbox\andré\testes_codificacao\jm\lencod\debug_win32_vc9\quant8x8_normal.obj
d:\dropbox\andré\testes_codificacao\jm\lencod\debug_win32_vc9\quant8x8_around.obj
d:\dropbox\andré\testes_codificacao\jm\lencod\debug_win32_vc9\quant8x8.obj
d:\dropbox\andré\testes_codificacao\jm\lencod\debug_win32_vc9\quant4x4_trellis.obj
d:\dropbox\andré\testes_codificacao\jm\lencod\debug_win32_vc9\quant4x4_normal.obj
d:\dropbox\andré\testes_codificacao\jm\lencod\debug_win32_vc9\quant4x4_around.obj
d:\dropbox\andré\testes_codificacao\jm\lencod\debug_win32_vc9\quant4x4_2step.obj
d:\dropbox\andré\testes_codificacao\jm\lencod\debug_win32_vc9\quant4x4.obj
d:\dropbox\andré\testes_codificacao\jm\lencod\debug_win32_vc9\pred_struct.obj
d:\dropbox\andré\testes_codificacao\jm\lencod\debug_win32_vc9\parset.obj
d:\dropbox\andré\testes_codificacao\jm\lencod\debug_win32_vc9\output.obj
d:\dropbox\andré\testes_codificacao\jm\lencod\debug_win32_vc9\nalu.obj
d:\dropbox\andré\testes_codificacao\jm\lencod\debug_win32_vc9\nal.obj
d:\dropbox\andré\testes_codificacao\jm\lencod\debug_win32_vc9\mv_search.obj
d:\dropbox\andré\testes_codificacao\jm\lencod\debug_win32_vc9\mv_direct.obj
d:\dropbox\andré\testes_codificacao\jm\lencod\debug_win32_vc9\mode_decision_p8x8.obj
d:\dropbox\andré\testes_codificacao\jm\lencod\debug_win32_vc9\mode_decision.obj
d:\dropbox\andré\testes_codificacao\jm\lencod\debug_win32_vc10\quantchroma_around.sbr
d:\dropbox\andré\testes_codificacao\jm\lencod\debug_win32_vc10\quantchroma_normal.sbr
d:\dropbox\andré\testes_codificacao\jm\lencod\debug_win32_vc10\quantchroma_trellis.sbr
d:\dropbox\andré\testes_codificacao\jm\lencod\debug_win32_vc10\q_around.sbr
d:\dropbox\andré\testes_codificacao\jm\lencod\debug_win32_vc10\q_matrix.sbr
d:\dropbox\andré\testes_codificacao\jm\lencod\debug_win32_vc10\q_offsets.sbr
d:\dropbox\andré\testes_codificacao\jm\lencod\debug_win32_vc10\ratectl.sbr
d:\dropbox\andré\testes_codificacao\jm\lencod\debug_win32_vc10\rc_quadratic.sbr
d:\dropbox\andré\testes_codificacao\jm\lencod\debug_win32_vc10\rdopt.sbr
d:\dropbox\andré\testes_codificacao\jm\lencod\debug_win32_vc10\rdopt_coding_state.sbr
d:\dropbox\andré\testes_codificacao\jm\lencod\debug_win32_vc10\rdoq.sbr
d:\dropbox\andré\testes_codificacao\jm\lencod\debug_win32_vc10\rdoq_cabac.sbr
d:\dropbox\andré\testes_codificacao\jm\lencod\debug_win32_vc10\rdoq_cavlc.sbr
d:\dropbox\andré\testes_codificacao\jm\lencod\debug_win32_vc10\rdpicdecision.sbr
d:\dropbox\andré\testes_codificacao\jm\lencod\debug_win32_vc10\rd_intra_jm.sbr
d:\dropbox\andré\testes_codificacao\jm\lencod\debug_win32_vc10\rd_intra_jm444.sbr
d:\dropbox\andré\testes_codificacao\jm\lencod\debug_win32_vc10\rd_intra_jm_low.sbr
d:\dropbox\andré\testes_codificacao\jm\lencod\debug_win32_vc10\report.sbr
d:\dropbox\andré\testes_codificacao\jm\lencod\debug_win32_vc10\rtp.sbr
d:\dropbox\andré\testes_codificacao\jm\lencod\debug_win32_vc10\sei.sbr
d:\dropbox\andré\testes_codificacao\jm\lencod\debug_win32_vc9\sei.obj
d:\dropbox\andré\testes_codificacao\jm\lencod\debug_win32_vc9\rtp.obj
d:\dropbox\andré\testes_codificacao\jm\lencod\debug_win32_vc9\report.obj
d:\dropbox\andré\testes_codificacao\jm\lencod\debug_win32_vc9\rd_intra_jm_low.obj
d:\dropbox\andré\testes_codificacao\jm\lencod\debug_win32_vc9\rd_intra_jm444.obj
d:\dropbox\andré\testes_codificacao\jm\lencod\debug_win32_vc9\rd_intra_jm.obj
d:\dropbox\andré\testes_codificacao\jm\lencod\debug_win32_vc9\rdpicdecision.obj
d:\dropbox\andré\testes_codificacao\jm\lencod\debug_win32_vc9\rdoq_cavlc.obj
d:\dropbox\andré\testes_codificacao\jm\lencod\debug_win32_vc9\rdoq_cabac.obj
d:\dropbox\andré\testes_codificacao\jm\lencod\debug_win32_vc9\rdoq.obj
d:\dropbox\andré\testes_codificacao\jm\lencod\debug_win32_vc9\rdopt_coding_state.obj
d:\dropbox\andré\testes_codificacao\jm\lencod\debug_win32_vc9\rdopt.obj
d:\dropbox\andré\testes_codificacao\jm\lencod\debug_win32_vc9\rc_quadratic.obj
d:\dropbox\andré\testes_codificacao\jm\lencod\debug_win32_vc9\ratectl.obj
d:\dropbox\andré\testes_codificacao\jm\lencod\debug_win32_vc9\q_offsets.obj
d:\dropbox\andré\testes_codificacao\jm\lencod\debug_win32_vc9\q_matrix.obj
d:\dropbox\andré\testes_codificacao\jm\lencod\debug_win32_vc9\q_around.obj
d:\dropbox\andré\testes_codificacao\jm\lencod\debug_win32_vc9\quantchroma_trellis.obj
d:\dropbox\andré\testes_codificacao\jm\lencod\debug_win32_vc9\quantchroma_normal.obj
d:\dropbox\andré\testes_codificacao\jm\lencod\debug_win32_vc9\quantchroma_around.obj
d:\dropbox\andré\testes_codificacao\jm\lencod\debug_win32_vc10\slice.sbr
d:\dropbox\andré\testes_codificacao\jm\lencod\debug_win32_vc10\symbol.sbr
d:\dropbox\andré\testes_codificacao\jm\lencod\debug_win32_vc10\transform8x8.sbr
d:\dropbox\andré\testes_codificacao\jm\lencod\debug_win32_vc10\transform8x8_h444.sbr
d:\dropbox\andré\testes_codificacao\jm\lencod\debug_win32_vc10\vlc.sbr
d:\dropbox\andré\testes_codificacao\jm\lencod\debug_win32_vc10\weighted_prediction.sbr
d:\dropbox\andré\testes_codificacao\jm\lencod\debug_win32_vc10\wp_lms.sbr
d:\dropbox\andré\testes_codificacao\jm\lencod\debug_win32_vc10\wp_mciter.sbr
d:\dropbox\andré\testes_codificacao\jm\lencod\debug_win32_vc10\wp_mcprec.sbr
d:\dropbox\andré\testes_codificacao\jm\lencod\debug_win32_vc10\wp_periodic.sbr
d:\dropbox\andré\testes_codificacao\jm\lencod\debug_win32_vc10\wp_random.sbr
d:\dropbox\andré\testes_codificacao\jm\lencod\debug_win32_vc9\wp_random.obj
d:\dropbox\andré\testes_codificacao\jm\lencod\debug_win32_vc9\wp_periodic.obj
d:\dropbox\andré\testes_codificacao\jm\lencod\debug_win32_vc9\wp_mcprec.obj
d:\dropbox\andré\testes_codificacao\jm\lencod\debug_win32_vc9\wp_mciter.obj
d:\dropbox\andré\testes_codificacao\jm\lencod\debug_win32_vc9\wp_lms.obj
d:\dropbox\andré\testes_codificacao\jm\lencod\debug_win32_vc9\weighted_prediction.obj
d:\dropbox\andré\testes_codificacao\jm\lencod\debug_win32_vc9\vlc.obj
d:\dropbox\andré\testes_codificacao\jm\lencod\debug_win32_vc9\transform8x8_h444.obj
d:\dropbox\andré\testes_codificacao\jm\lencod\debug_win32_vc9\transform8x8.obj
d:\dropbox\andré\testes_codificacao\jm\lencod\debug_win32_vc9\symbol.obj
d:\dropbox\andré\testes_codificacao\jm\lencod\debug_win32_vc9\slice.obj
d:\dropbox\andré\testes_codificacao\jm\bin\lencod.ilk
d:\dropbox\andré\testes_codificacao\jm\bin\lencod.exe
d:\dropbox\andré\testes_codificacao\jm\lencod\debug_win32_vc9\lencod.pdb
d:\dropbox\andré\testes_codificacao\jm\bin\lencod.bsc
d:\dropbox\andré\testes_codificacao\jm\.\bin\lencod.exe
d:\dropbox\andré\testes_codificacao\jm\lencod\debug_win32_vc10\lencod.tlog\cl.read.1.tlog
d:\dropbox\andré\testes_codificacao\jm\lencod\debug_win32_vc10\lencod.tlog\cl.write.1.tlog
d:\dropbox\andré\testes_codificacao\jm\lencod\debug_win32_vc10\lencod.tlog\cl.command.1.tlog
d:\dropbox\andré\testes_codificacao\jm\lencod\debug_win32_vc10\lencod.tlog\link.read.1.tlog
d:\dropbox\andré\testes_codificacao\jm\lencod\debug_win32_vc10\lencod.tlog\link.write.1.tlog
d:\dropbox\andré\testes_codificacao\jm\lencod\debug_win32_vc10\lencod.tlog\link.command.1.tlog
d:\dropbox\andré\testes_codificacao\jm\lencod\debug_win32_vc10\lencod.tlog\bscmake.read.1.tlog
d:\dropbox\andré\testes_codificacao\jm\lencod\debug_win32_vc10\lencod.tlog\bscmake.write.1.tlog
d:\dropbox\andré\testes_codificacao\jm\lencod\debug_win32_vc10\lencod.tlog\bscmake.command.1.tlog
