d:\dropbox\andré\testes_codificacao\jm\ldecod\debug_win32_vc10\img_process.sbr
d:\dropbox\andré\testes_codificacao\jm\ldecod\debug_win32_vc10\img_process.obj
d:\dropbox\andré\testes_codificacao\jm\ldecod\debug_win32_vc10\mbuffer_common.sbr
d:\dropbox\andré\testes_codificacao\jm\ldecod\debug_win32_vc10\mbuffer_common.obj
d:\dropbox\andré\testes_codificacao\jm\ldecod\debug_win32_vc10\annexb.sbr
d:\dropbox\andré\testes_codificacao\jm\ldecod\debug_win32_vc10\annexb.obj
d:\dropbox\andré\testes_codificacao\jm\ldecod\debug_win32_vc10\decoder_test.sbr
d:\dropbox\andré\testes_codificacao\jm\ldecod\debug_win32_vc10\decoder_test.obj
d:\dropbox\andré\testes_codificacao\jm\ldecod\debug_win32_vc10\erc_do_p.sbr
d:\dropbox\andré\testes_codificacao\jm\ldecod\debug_win32_vc10\erc_do_p.obj
d:\dropbox\andré\testes_codificacao\jm\ldecod\debug_win32_vc10\intra16x16_pred.sbr
d:\dropbox\andré\testes_codificacao\jm\ldecod\debug_win32_vc10\intra16x16_pred.obj
d:\dropbox\andré\testes_codificacao\jm\ldecod\debug_win32_vc10\intra4x4_pred_normal.sbr
d:\dropbox\andré\testes_codificacao\jm\ldecod\debug_win32_vc10\intra4x4_pred_normal.obj
d:\dropbox\andré\testes_codificacao\jm\ldecod\debug_win32_vc10\intra_chroma_pred.sbr
d:\dropbox\andré\testes_codificacao\jm\ldecod\debug_win32_vc10\intra_chroma_pred.obj
d:\dropbox\andré\testes_codificacao\jm\ldecod\debug_win32_vc10\mbuffer.sbr
d:\dropbox\andré\testes_codificacao\jm\ldecod\debug_win32_vc10\mbuffer.obj
d:\dropbox\andré\testes_codificacao\jm\ldecod\debug_win32_vc10\nal.sbr
d:\dropbox\andré\testes_codificacao\jm\ldecod\debug_win32_vc10\nal.obj
d:\dropbox\andré\testes_codificacao\jm\ldecod\debug_win32_vc10\read_comp_cabac.sbr
d:\dropbox\andré\testes_codificacao\jm\ldecod\debug_win32_vc10\read_comp_cabac.obj
d:\dropbox\andré\testes_codificacao\jm\ldecod\debug_win32_vc10\vlc.sbr
d:\dropbox\andré\testes_codificacao\jm\ldecod\debug_win32_vc10\vlc.obj
d:\dropbox\andré\testes_codificacao\jm\ldecod\debug_win32_vc10\img_io.sbr
d:\dropbox\andré\testes_codificacao\jm\ldecod\debug_win32_vc10\img_io.obj
d:\dropbox\andré\testes_codificacao\jm\ldecod\debug_win32_vc10\io_tiff.sbr
d:\dropbox\andré\testes_codificacao\jm\ldecod\debug_win32_vc10\io_tiff.obj
d:\dropbox\andré\testes_codificacao\jm\ldecod\debug_win32_vc10\memalloc.sbr
d:\dropbox\andré\testes_codificacao\jm\ldecod\debug_win32_vc10\memalloc.obj
d:\dropbox\andré\testes_codificacao\jm\ldecod\debug_win32_vc10\parsetcommon.sbr
d:\dropbox\andré\testes_codificacao\jm\ldecod\debug_win32_vc10\parsetcommon.obj
d:\dropbox\andré\testes_codificacao\jm\ldecod\debug_win32_vc10\biaridecod.sbr
d:\dropbox\andré\testes_codificacao\jm\ldecod\debug_win32_vc10\biaridecod.obj
d:\dropbox\andré\testes_codificacao\jm\ldecod\debug_win32_vc10\configfile.sbr
d:\dropbox\andré\testes_codificacao\jm\ldecod\debug_win32_vc10\configfile.obj
d:\dropbox\andré\testes_codificacao\jm\ldecod\debug_win32_vc10\erc_api.sbr
d:\dropbox\andré\testes_codificacao\jm\ldecod\debug_win32_vc10\erc_api.obj
d:\dropbox\andré\testes_codificacao\jm\ldecod\debug_win32_vc10\filehandle.sbr
d:\dropbox\andré\testes_codificacao\jm\ldecod\debug_win32_vc10\filehandle.obj
d:\dropbox\andré\testes_codificacao\jm\ldecod\debug_win32_vc10\header.sbr
d:\dropbox\andré\testes_codificacao\jm\ldecod\debug_win32_vc10\header.obj
d:\dropbox\andré\testes_codificacao\jm\ldecod\debug_win32_vc10\intra16x16_pred_normal.sbr
d:\dropbox\andré\testes_codificacao\jm\ldecod\debug_win32_vc10\intra16x16_pred_normal.obj
d:\dropbox\andré\testes_codificacao\jm\ldecod\debug_win32_vc10\intra8x8_pred.sbr
d:\dropbox\andré\testes_codificacao\jm\ldecod\debug_win32_vc10\intra8x8_pred.obj
d:\dropbox\andré\testes_codificacao\jm\ldecod\debug_win32_vc10\intra_chroma_pred_mbaff.sbr
d:\dropbox\andré\testes_codificacao\jm\ldecod\debug_win32_vc10\intra_chroma_pred_mbaff.obj
d:\dropbox\andré\testes_codificacao\jm\ldecod\debug_win32_vc10\leaky_bucket.sbr
d:\dropbox\andré\testes_codificacao\jm\ldecod\debug_win32_vc10\leaky_bucket.obj
d:\dropbox\andré\testes_codificacao\jm\ldecod\debug_win32_vc10\loop_filter_mbaff.sbr
d:\dropbox\andré\testes_codificacao\jm\ldecod\debug_win32_vc10\loop_filter_mbaff.obj
d:\dropbox\andré\testes_codificacao\jm\ldecod\debug_win32_vc10\mb_prediction.sbr
d:\dropbox\andré\testes_codificacao\jm\ldecod\debug_win32_vc10\mb_prediction.obj
d:\dropbox\andré\testes_codificacao\jm\ldecod\debug_win32_vc10\mc_prediction.sbr
d:\dropbox\andré\testes_codificacao\jm\ldecod\debug_win32_vc10\mc_prediction.obj
d:\dropbox\andré\testes_codificacao\jm\ldecod\debug_win32_vc10\output.sbr
d:\dropbox\andré\testes_codificacao\jm\ldecod\debug_win32_vc10\output.obj
d:\dropbox\andré\testes_codificacao\jm\ldecod\debug_win32_vc10\rtp.sbr
d:\dropbox\andré\testes_codificacao\jm\ldecod\debug_win32_vc10\rtp.obj
d:\dropbox\andré\testes_codificacao\jm\ldecod\debug_win32_vc10\blk_prediction.sbr
d:\dropbox\andré\testes_codificacao\jm\ldecod\debug_win32_vc10\blk_prediction.obj
d:\dropbox\andré\testes_codificacao\jm\ldecod\debug_win32_vc10\input.sbr
d:\dropbox\andré\testes_codificacao\jm\ldecod\debug_win32_vc10\input.obj
d:\dropbox\andré\testes_codificacao\jm\ldecod\debug_win32_vc10\nalucommon.sbr
d:\dropbox\andré\testes_codificacao\jm\ldecod\debug_win32_vc10\nalucommon.obj
d:\dropbox\andré\testes_codificacao\jm\ldecod\debug_win32_vc10\transform.sbr
d:\dropbox\andré\testes_codificacao\jm\ldecod\debug_win32_vc10\transform.obj
d:\dropbox\andré\testes_codificacao\jm\ldecod\debug_win32_vc10\block.sbr
d:\dropbox\andré\testes_codificacao\jm\ldecod\debug_win32_vc10\block.obj
d:\dropbox\andré\testes_codificacao\jm\ldecod\debug_win32_vc10\context_ini.sbr
d:\dropbox\andré\testes_codificacao\jm\ldecod\debug_win32_vc10\context_ini.obj
d:\dropbox\andré\testes_codificacao\jm\ldecod\debug_win32_vc10\dec_statistics.sbr
d:\dropbox\andré\testes_codificacao\jm\ldecod\debug_win32_vc10\dec_statistics.obj
d:\dropbox\andré\testes_codificacao\jm\ldecod\debug_win32_vc10\errorconcealment.sbr
d:\dropbox\andré\testes_codificacao\jm\ldecod\debug_win32_vc10\errorconcealment.obj
d:\dropbox\andré\testes_codificacao\jm\ldecod\debug_win32_vc10\image.sbr
d:\dropbox\andré\testes_codificacao\jm\ldecod\debug_win32_vc10\image.obj
d:\dropbox\andré\testes_codificacao\jm\ldecod\debug_win32_vc10\intra4x4_pred.sbr
d:\dropbox\andré\testes_codificacao\jm\ldecod\debug_win32_vc10\intra4x4_pred.obj
d:\dropbox\andré\testes_codificacao\jm\ldecod\debug_win32_vc10\intra8x8_pred_mbaff.sbr
d:\dropbox\andré\testes_codificacao\jm\ldecod\debug_win32_vc10\intra8x8_pred_mbaff.obj
d:\dropbox\andré\testes_codificacao\jm\ldecod\debug_win32_vc10\intra_pred_common.sbr
d:\dropbox\andré\testes_codificacao\jm\ldecod\debug_win32_vc10\intra_pred_common.obj
d:\dropbox\andré\testes_codificacao\jm\ldecod\debug_win32_vc10\loopfilter.sbr
d:\dropbox\andré\testes_codificacao\jm\ldecod\debug_win32_vc10\loopfilter.obj
d:\dropbox\andré\testes_codificacao\jm\ldecod\debug_win32_vc10\loop_filter_normal.sbr
d:\dropbox\andré\testes_codificacao\jm\ldecod\debug_win32_vc10\loop_filter_normal.obj
d:\dropbox\andré\testes_codificacao\jm\ldecod\debug_win32_vc10\mbuffer_mvc.sbr
d:\dropbox\andré\testes_codificacao\jm\ldecod\debug_win32_vc10\mbuffer_mvc.obj
d:\dropbox\andré\testes_codificacao\jm\ldecod\debug_win32_vc10\mb_read.sbr
d:\dropbox\andré\testes_codificacao\jm\ldecod\debug_win32_vc10\mb_read.obj
d:\dropbox\andré\testes_codificacao\jm\ldecod\debug_win32_vc10\nalu.sbr
d:\dropbox\andré\testes_codificacao\jm\ldecod\debug_win32_vc10\nalu.obj
d:\dropbox\andré\testes_codificacao\jm\ldecod\debug_win32_vc10\quant.sbr
d:\dropbox\andré\testes_codificacao\jm\ldecod\debug_win32_vc10\quant.obj
d:\dropbox\andré\testes_codificacao\jm\ldecod\debug_win32_vc10\sei.sbr
d:\dropbox\andré\testes_codificacao\jm\ldecod\debug_win32_vc10\sei.obj
d:\dropbox\andré\testes_codificacao\jm\ldecod\debug_win32_vc10\config_common.sbr
d:\dropbox\andré\testes_codificacao\jm\ldecod\debug_win32_vc10\config_common.obj
d:\dropbox\andré\testes_codificacao\jm\ldecod\debug_win32_vc10\io_raw.sbr
d:\dropbox\andré\testes_codificacao\jm\ldecod\debug_win32_vc10\io_raw.obj
d:\dropbox\andré\testes_codificacao\jm\ldecod\debug_win32_vc10\mv_prediction.sbr
d:\dropbox\andré\testes_codificacao\jm\ldecod\debug_win32_vc10\mv_prediction.obj
d:\dropbox\andré\testes_codificacao\jm\ldecod\debug_win32_vc10\win32.sbr
d:\dropbox\andré\testes_codificacao\jm\ldecod\debug_win32_vc10\win32.obj
d:\dropbox\andré\testes_codificacao\jm\ldecod\debug_win32_vc10\cabac.sbr
d:\dropbox\andré\testes_codificacao\jm\ldecod\debug_win32_vc10\cabac.obj
d:\dropbox\andré\testes_codificacao\jm\ldecod\debug_win32_vc10\erc_do_i.sbr
d:\dropbox\andré\testes_codificacao\jm\ldecod\debug_win32_vc10\erc_do_i.obj
d:\dropbox\andré\testes_codificacao\jm\ldecod\debug_win32_vc10\fmo.sbr
d:\dropbox\andré\testes_codificacao\jm\ldecod\debug_win32_vc10\fmo.obj
d:\dropbox\andré\testes_codificacao\jm\ldecod\debug_win32_vc10\intra16x16_pred_mbaff.sbr
d:\dropbox\andré\testes_codificacao\jm\ldecod\debug_win32_vc10\intra16x16_pred_mbaff.obj
d:\dropbox\andré\testes_codificacao\jm\ldecod\debug_win32_vc10\intra4x4_pred_mbaff.sbr
d:\dropbox\andré\testes_codificacao\jm\ldecod\debug_win32_vc10\intra4x4_pred_mbaff.obj
d:\dropbox\andré\testes_codificacao\jm\ldecod\debug_win32_vc10\intra8x8_pred_normal.sbr
d:\dropbox\andré\testes_codificacao\jm\ldecod\debug_win32_vc10\intra8x8_pred_normal.obj
d:\dropbox\andré\testes_codificacao\jm\ldecod\debug_win32_vc10\ldecod.sbr
d:\dropbox\andré\testes_codificacao\jm\ldecod\debug_win32_vc10\ldecod.obj
d:\dropbox\andré\testes_codificacao\jm\ldecod\debug_win32_vc10\macroblock.sbr
d:\dropbox\andré\testes_codificacao\jm\ldecod\debug_win32_vc10\macroblock.obj
d:\dropbox\andré\testes_codificacao\jm\ldecod\debug_win32_vc10\mb_access.sbr
d:\dropbox\andré\testes_codificacao\jm\ldecod\debug_win32_vc10\mb_access.obj
d:\dropbox\andré\testes_codificacao\jm\ldecod\debug_win32_vc10\mc_direct.sbr
d:\dropbox\andré\testes_codificacao\jm\ldecod\debug_win32_vc10\mc_direct.obj
d:\dropbox\andré\testes_codificacao\jm\ldecod\debug_win32_vc10\parset.sbr
d:\dropbox\andré\testes_codificacao\jm\ldecod\debug_win32_vc10\parset.obj
d:\dropbox\andré\testes_codificacao\jm\ldecod\debug_win32_vc10\read_comp_cavlc.sbr
d:\dropbox\andré\testes_codificacao\jm\ldecod\debug_win32_vc10\read_comp_cavlc.obj
d:\dropbox\andré\testes_codificacao\jm\ldecod\debug_win32_vc10\transform8x8.sbr
d:\dropbox\andré\testes_codificacao\jm\ldecod\debug_win32_vc10\transform8x8.obj
d:\dropbox\andré\testes_codificacao\jm\ldecod\debug_win32_vc10\vc120.pdb
d:\dropbox\andré\testes_codificacao\jm\bin\ldecod.ilk
d:\dropbox\andré\testes_codificacao\jm\bin\ldecod.exe
d:\dropbox\andré\testes_codificacao\jm\ldecod\debug_win32_vc10\ldecod.pdb
d:\dropbox\andré\testes_codificacao\jm\bin\ldecod.bsc
d:\dropbox\andré\testes_codificacao\jm\ldecod\debug_win32_vc10\vc120.idb
d:\dropbox\andré\testes_codificacao\jm\.\bin\ldecod.exe
d:\dropbox\andré\testes_codificacao\jm\ldecod\debug_win32_vc10\ldecod.tlog\cl.read.1.tlog
d:\dropbox\andré\testes_codificacao\jm\ldecod\debug_win32_vc10\ldecod.tlog\cl.write.1.tlog
d:\dropbox\andré\testes_codificacao\jm\ldecod\debug_win32_vc10\ldecod.tlog\cl.command.1.tlog
d:\dropbox\andré\testes_codificacao\jm\ldecod\debug_win32_vc10\ldecod.tlog\link.read.1.tlog
d:\dropbox\andré\testes_codificacao\jm\ldecod\debug_win32_vc10\ldecod.tlog\link.write.1.tlog
d:\dropbox\andré\testes_codificacao\jm\ldecod\debug_win32_vc10\ldecod.tlog\link.command.1.tlog
d:\dropbox\andré\testes_codificacao\jm\ldecod\debug_win32_vc10\ldecod.tlog\bscmake.read.1.tlog
d:\dropbox\andré\testes_codificacao\jm\ldecod\debug_win32_vc10\ldecod.tlog\bscmake.write.1.tlog
d:\dropbox\andré\testes_codificacao\jm\ldecod\debug_win32_vc10\ldecod.tlog\bscmake.command.1.tlog
