Build started 07/05/2015 22:57:50.
     1>Project "D:\Dropbox\André\Testes_Codificacao\JM\ldecod_vc10.vcxproj" on node 2 (Rebuild target(s)).
     1>ClCompile:
         C:\Program Files (x86)\Microsoft Visual Studio 12.0\VC\bin\CL.exe /c /Ildecod/inc /Ilcommon/inc /ZI /nologo /W3 /WX- /Od /Oy- /D WIN32 /D _DEBUG /D _CONSOLE /D _CRT_SECURE_NO_DEPRECATE /D _MBCS /Gm- /EHsc /RTC1 /MTd /GS /fp:precise /Zc:wchar_t /Zc:forScope /openmp- /Fo".\ldecod/Debug_Win32_vc10/" /Fd".\ldecod/Debug_Win32_vc10/vc120.pdb" /FR".\ldecod\Debug_Win32_vc10\\" /Gd /TC /analyze- /errorReport:prompt /MP lcommon\src\blk_prediction.c lcommon\src\config_common.c lcommon\src\img_io.c lcommon\src\img_process.c lcommon\src\input.c lcommon\src\io_raw.c lcommon\src\io_tiff.c lcommon\src\mbuffer_common.c lcommon\src\memalloc.c lcommon\src\mv_prediction.c lcommon\src\nalucommon.c lcommon\src\parsetcommon.c lcommon\src\transform.c lcommon\src\win32.c ldecod\src\annexb.c ldecod\src\biaridecod.c ldecod\src\block.c ldecod\src\cabac.c ldecod\src\configfile.c ldecod\src\context_ini.c ldecod\src\decoder_test.c ldecod\src\dec_statistics.c ldecod\src\erc_api.c ldecod\src\erc_do_i.c ldecod\src\erc_do_p.c ldecod\src\errorconcealment.c ldecod\src\filehandle.c ldecod\src\fmo.c ldecod\src\header.c ldecod\src\image.c ldecod\src\intra16x16_pred.c ldecod\src\intra16x16_pred_mbaff.c ldecod\src\intra16x16_pred_normal.c ldecod\src\intra4x4_pred.c ldecod\src\intra4x4_pred_mbaff.c ldecod\src\intra4x4_pred_normal.c ldecod\src\intra8x8_pred.c ldecod\src\intra8x8_pred_mbaff.c ldecod\src\intra8x8_pred_normal.c ldecod\src\intra_chroma_pred.c ldecod\src\intra_chroma_pred_mbaff.c ldecod\src\intra_pred_common.c ldecod\src\ldecod.c ldecod\src\leaky_bucket.c ldecod\src\loopFilter.c ldecod\src\loop_filter_mbaff.c ldecod\src\loop_filter_normal.c ldecod\src\macroblock.c ldecod\src\mbuffer.c ldecod\src\mbuffer_mvc.c ldecod\src\mb_access.c ldecod\src\mb_prediction.c ldecod\src\mb_read.c ldecod\src\mc_direct.c ldecod\src\mc_prediction.c ldecod\src\nal.c ldecod\src\nalu.c ldecod\src\output.c ldecod\src\parset.c ldecod\src\quant.c ldecod\src\read_comp_cabac.c ldecod\src\read_comp_cavlc.c ldecod\src\rtp.c ldecod\src\sei.c ldecod\src\transform8x8.c ldecod\src\vlc.c
         blk_prediction.c
         config_common.c
         img_io.c
         img_process.c
         input.c
         io_raw.c
         io_tiff.c
         mbuffer_common.c
         memalloc.c
         mv_prediction.c
         nalucommon.c
         parsetcommon.c
         transform.c
         win32.c
         annexb.c
         biaridecod.c
         block.c
         cabac.c
         configfile.c
         context_ini.c
         decoder_test.c
         dec_statistics.c
         erc_api.c
         erc_do_i.c
         erc_do_p.c
         errorconcealment.c
         filehandle.c
         fmo.c
         header.c
         image.c
         intra16x16_pred.c
         intra16x16_pred_mbaff.c
         intra16x16_pred_normal.c
         intra4x4_pred.c
         intra4x4_pred_mbaff.c
         intra4x4_pred_normal.c
         intra8x8_pred.c
         intra8x8_pred_mbaff.c
         intra8x8_pred_normal.c
         intra_chroma_pred.c
         intra_chroma_pred_mbaff.c
         intra_pred_common.c
         ldecod.c
         leaky_bucket.c
         loopFilter.c
         loop_filter_mbaff.c
         loop_filter_normal.c
         macroblock.c
         mbuffer.c
         mbuffer_mvc.c
         mb_access.c
         mb_prediction.c
         mb_read.c
         mc_direct.c
         mc_prediction.c
         nal.c
         nalu.c
         output.c
         parset.c
         quant.c
         read_comp_cabac.c
         read_comp_cavlc.c
         rtp.c
         sei.c
         transform8x8.c
         vlc.c
       Link:
         C:\Program Files (x86)\Microsoft Visual Studio 12.0\VC\bin\link.exe /ERRORREPORT:PROMPT /OUT:".\bin\ldecod.exe" /INCREMENTAL /NOLOGO Ws2_32.lib kernel32.lib user32.lib gdi32.lib winspool.lib comdlg32.lib advapi32.lib shell32.lib ole32.lib oleaut32.lib uuid.lib odbc32.lib odbccp32.lib /MANIFEST /MANIFESTUAC:"level='asInvoker' uiAccess='false'" /manifest:embed /DEBUG /PDB:".\ldecod/Debug_Win32_vc10/ldecod.pdb" /SUBSYSTEM:CONSOLE /TLBID:1 /DYNAMICBASE:NO /IMPLIB:".\bin\ldecod.lib" /MACHINE:X86 /SAFESEH .\ldecod/Debug_Win32_vc10/blk_prediction.obj
         .\ldecod/Debug_Win32_vc10/config_common.obj
         .\ldecod/Debug_Win32_vc10/img_io.obj
         .\ldecod/Debug_Win32_vc10/img_process.obj
         .\ldecod/Debug_Win32_vc10/input.obj
         .\ldecod/Debug_Win32_vc10/io_raw.obj
         .\ldecod/Debug_Win32_vc10/io_tiff.obj
         .\ldecod/Debug_Win32_vc10/mbuffer_common.obj
         .\ldecod/Debug_Win32_vc10/memalloc.obj
         .\ldecod/Debug_Win32_vc10/mv_prediction.obj
         .\ldecod/Debug_Win32_vc10/nalucommon.obj
         .\ldecod/Debug_Win32_vc10/parsetcommon.obj
         .\ldecod/Debug_Win32_vc10/transform.obj
         .\ldecod/Debug_Win32_vc10/win32.obj
         .\ldecod/Debug_Win32_vc10/annexb.obj
         .\ldecod/Debug_Win32_vc10/biaridecod.obj
         .\ldecod/Debug_Win32_vc10/block.obj
         .\ldecod/Debug_Win32_vc10/cabac.obj
         .\ldecod/Debug_Win32_vc10/configfile.obj
         .\ldecod/Debug_Win32_vc10/context_ini.obj
         .\ldecod/Debug_Win32_vc10/decoder_test.obj
         .\ldecod/Debug_Win32_vc10/dec_statistics.obj
         .\ldecod/Debug_Win32_vc10/erc_api.obj
         .\ldecod/Debug_Win32_vc10/erc_do_i.obj
         .\ldecod/Debug_Win32_vc10/erc_do_p.obj
         .\ldecod/Debug_Win32_vc10/errorconcealment.obj
         .\ldecod/Debug_Win32_vc10/filehandle.obj
         .\ldecod/Debug_Win32_vc10/fmo.obj
         .\ldecod/Debug_Win32_vc10/header.obj
         .\ldecod/Debug_Win32_vc10/image.obj
         .\ldecod/Debug_Win32_vc10/intra16x16_pred.obj
         .\ldecod/Debug_Win32_vc10/intra16x16_pred_mbaff.obj
         .\ldecod/Debug_Win32_vc10/intra16x16_pred_normal.obj
         .\ldecod/Debug_Win32_vc10/intra4x4_pred.obj
         .\ldecod/Debug_Win32_vc10/intra4x4_pred_mbaff.obj
         .\ldecod/Debug_Win32_vc10/intra4x4_pred_normal.obj
         .\ldecod/Debug_Win32_vc10/intra8x8_pred.obj
         .\ldecod/Debug_Win32_vc10/intra8x8_pred_mbaff.obj
         .\ldecod/Debug_Win32_vc10/intra8x8_pred_normal.obj
         .\ldecod/Debug_Win32_vc10/intra_chroma_pred.obj
         .\ldecod/Debug_Win32_vc10/intra_chroma_pred_mbaff.obj
         .\ldecod/Debug_Win32_vc10/intra_pred_common.obj
         .\ldecod/Debug_Win32_vc10/ldecod.obj
         .\ldecod/Debug_Win32_vc10/leaky_bucket.obj
         .\ldecod/Debug_Win32_vc10/loopFilter.obj
         .\ldecod/Debug_Win32_vc10/loop_filter_mbaff.obj
         .\ldecod/Debug_Win32_vc10/loop_filter_normal.obj
         .\ldecod/Debug_Win32_vc10/macroblock.obj
         .\ldecod/Debug_Win32_vc10/mbuffer.obj
         .\ldecod/Debug_Win32_vc10/mbuffer_mvc.obj
         .\ldecod/Debug_Win32_vc10/mb_access.obj
         .\ldecod/Debug_Win32_vc10/mb_prediction.obj
         .\ldecod/Debug_Win32_vc10/mb_read.obj
         .\ldecod/Debug_Win32_vc10/mc_direct.obj
         .\ldecod/Debug_Win32_vc10/mc_prediction.obj
         .\ldecod/Debug_Win32_vc10/nal.obj
         .\ldecod/Debug_Win32_vc10/nalu.obj
         .\ldecod/Debug_Win32_vc10/output.obj
         .\ldecod/Debug_Win32_vc10/parset.obj
         .\ldecod/Debug_Win32_vc10/quant.obj
         .\ldecod/Debug_Win32_vc10/read_comp_cabac.obj
         .\ldecod/Debug_Win32_vc10/read_comp_cavlc.obj
         .\ldecod/Debug_Win32_vc10/rtp.obj
         .\ldecod/Debug_Win32_vc10/sei.obj
         .\ldecod/Debug_Win32_vc10/transform8x8.obj
         .\ldecod/Debug_Win32_vc10/vlc.obj
     1>blk_prediction.obj : warning LNK4075: ignoring '/EDITANDCONTINUE' due to '/SAFESEH' specification
         ldecod_vc10.vcxproj -> D:\Dropbox\André\Testes_Codificacao\JM\.\bin\ldecod.exe
       BscMake:
         C:\Program Files (x86)\Microsoft Visual Studio 12.0\VC\bin\bscmake.exe /nologo /o".\bin\ldecod.bsc" .\ldecod\Debug_Win32_vc10\blk_prediction.sbr .\ldecod\Debug_Win32_vc10\config_common.sbr .\ldecod\Debug_Win32_vc10\img_io.sbr .\ldecod\Debug_Win32_vc10\img_process.sbr .\ldecod\Debug_Win32_vc10\input.sbr .\ldecod\Debug_Win32_vc10\io_raw.sbr .\ldecod\Debug_Win32_vc10\io_tiff.sbr .\ldecod\Debug_Win32_vc10\mbuffer_common.sbr .\ldecod\Debug_Win32_vc10\memalloc.sbr .\ldecod\Debug_Win32_vc10\mv_prediction.sbr .\ldecod\Debug_Win32_vc10\nalucommon.sbr .\ldecod\Debug_Win32_vc10\parsetcommon.sbr .\ldecod\Debug_Win32_vc10\transform.sbr .\ldecod\Debug_Win32_vc10\win32.sbr .\ldecod\Debug_Win32_vc10\annexb.sbr .\ldecod\Debug_Win32_vc10\biaridecod.sbr .\ldecod\Debug_Win32_vc10\block.sbr .\ldecod\Debug_Win32_vc10\cabac.sbr .\ldecod\Debug_Win32_vc10\configfile.sbr .\ldecod\Debug_Win32_vc10\context_ini.sbr .\ldecod\Debug_Win32_vc10\decoder_test.sbr .\ldecod\Debug_Win32_vc10\dec_statistics.sbr .\ldecod\Debug_Win32_vc10\erc_api.sbr .\ldecod\Debug_Win32_vc10\erc_do_i.sbr .\ldecod\Debug_Win32_vc10\erc_do_p.sbr .\ldecod\Debug_Win32_vc10\errorconcealment.sbr .\ldecod\Debug_Win32_vc10\filehandle.sbr .\ldecod\Debug_Win32_vc10\fmo.sbr .\ldecod\Debug_Win32_vc10\header.sbr .\ldecod\Debug_Win32_vc10\image.sbr .\ldecod\Debug_Win32_vc10\intra16x16_pred.sbr .\ldecod\Debug_Win32_vc10\intra16x16_pred_mbaff.sbr .\ldecod\Debug_Win32_vc10\intra16x16_pred_normal.sbr .\ldecod\Debug_Win32_vc10\intra4x4_pred.sbr .\ldecod\Debug_Win32_vc10\intra4x4_pred_mbaff.sbr .\ldecod\Debug_Win32_vc10\intra4x4_pred_normal.sbr .\ldecod\Debug_Win32_vc10\intra8x8_pred.sbr .\ldecod\Debug_Win32_vc10\intra8x8_pred_mbaff.sbr .\ldecod\Debug_Win32_vc10\intra8x8_pred_normal.sbr .\ldecod\Debug_Win32_vc10\intra_chroma_pred.sbr .\ldecod\Debug_Win32_vc10\intra_chroma_pred_mbaff.sbr .\ldecod\Debug_Win32_vc10\intra_pred_common.sbr .\ldecod\Debug_Win32_vc10\ldecod.sbr .\ldecod\Debug_Win32_vc10\leaky_bucket.sbr .\ldecod\Debug_Win32_vc10\loopFilter.sbr .\ldecod\Debug_Win32_vc10\loop_filter_mbaff.sbr .\ldecod\Debug_Win32_vc10\loop_filter_normal.sbr .\ldecod\Debug_Win32_vc10\macroblock.sbr .\ldecod\Debug_Win32_vc10\mbuffer.sbr .\ldecod\Debug_Win32_vc10\mbuffer_mvc.sbr .\ldecod\Debug_Win32_vc10\mb_access.sbr .\ldecod\Debug_Win32_vc10\mb_prediction.sbr .\ldecod\Debug_Win32_vc10\mb_read.sbr .\ldecod\Debug_Win32_vc10\mc_direct.sbr .\ldecod\Debug_Win32_vc10\mc_prediction.sbr .\ldecod\Debug_Win32_vc10\nal.sbr .\ldecod\Debug_Win32_vc10\nalu.sbr .\ldecod\Debug_Win32_vc10\output.sbr .\ldecod\Debug_Win32_vc10\parset.sbr .\ldecod\Debug_Win32_vc10\quant.sbr .\ldecod\Debug_Win32_vc10\read_comp_cabac.sbr .\ldecod\Debug_Win32_vc10\read_comp_cavlc.sbr .\ldecod\Debug_Win32_vc10\rtp.sbr .\ldecod\Debug_Win32_vc10\sei.sbr .\ldecod\Debug_Win32_vc10\transform8x8.sbr .\ldecod\Debug_Win32_vc10\vlc.sbr
     1>Done Building Project "D:\Dropbox\André\Testes_Codificacao\JM\ldecod_vc10.vcxproj" (Rebuild target(s)).

Build succeeded.

Time Elapsed 00:00:33.47
